Determining if the pthread_create exist failed with the following output:
Change Dir: /home/aurotb/Desktop/EAIBotSmartFactory/dashgo_ws/build/CMakeFiles/CMakeTmp

Run Build Command:"/usr/bin/make" "cmTC_fd63c/fast"
/usr/bin/make -f CMakeFiles/cmTC_fd63c.dir/build.make CMakeFiles/cmTC_fd63c.dir/build
make[1]: Entering directory '/home/aurotb/Desktop/EAIBotSmartFactory/dashgo_ws/build/CMakeFiles/CMakeTmp'
Building C object CMakeFiles/cmTC_fd63c.dir/CheckSymbolExists.c.o
/usr/bin/cc     -o CMakeFiles/cmTC_fd63c.dir/CheckSymbolExists.c.o   -c /home/aurotb/Desktop/EAIBotSmartFactory/dashgo_ws/build/CMakeFiles/CMakeTmp/CheckSymbolExists.c
Linking C executable cmTC_fd63c
/usr/bin/cmake -E cmake_link_script CMakeFiles/cmTC_fd63c.dir/link.txt --verbose=1
/usr/bin/cc       CMakeFiles/cmTC_fd63c.dir/CheckSymbolExists.c.o  -o cmTC_fd63c -rdynamic 
CMakeFiles/cmTC_fd63c.dir/CheckSymbolExists.c.o: In function `main':
CheckSymbolExists.c:(.text+0x16): undefined reference to `pthread_create'
collect2: error: ld returned 1 exit status
CMakeFiles/cmTC_fd63c.dir/build.make:97: recipe for target 'cmTC_fd63c' failed
make[1]: *** [cmTC_fd63c] Error 1
make[1]: Leaving directory '/home/aurotb/Desktop/EAIBotSmartFactory/dashgo_ws/build/CMakeFiles/CMakeTmp'
Makefile:126: recipe for target 'cmTC_fd63c/fast' failed
make: *** [cmTC_fd63c/fast] Error 2

File /home/aurotb/Desktop/EAIBotSmartFactory/dashgo_ws/build/CMakeFiles/CMakeTmp/CheckSymbolExists.c:
/* */
#include <pthread.h>

int main(int argc, char** argv)
{
  (void)argv;
#ifndef pthread_create
  return ((int*)(&pthread_create))[argc];
#else
  (void)argc;
  return 0;
#endif
}

Determining if the function pthread_create exists in the pthreads failed with the following output:
Change Dir: /home/aurotb/Desktop/EAIBotSmartFactory/dashgo_ws/build/CMakeFiles/CMakeTmp

Run Build Command:"/usr/bin/make" "cmTC_ab0bb/fast"
/usr/bin/make -f CMakeFiles/cmTC_ab0bb.dir/build.make CMakeFiles/cmTC_ab0bb.dir/build
make[1]: Entering directory '/home/aurotb/Desktop/EAIBotSmartFactory/dashgo_ws/build/CMakeFiles/CMakeTmp'
Building C object CMakeFiles/cmTC_ab0bb.dir/CheckFunctionExists.c.o
/usr/bin/cc    -DCHECK_FUNCTION_EXISTS=pthread_create   -o CMakeFiles/cmTC_ab0bb.dir/CheckFunctionExists.c.o   -c /usr/share/cmake-3.5/Modules/CheckFunctionExists.c
Linking C executable cmTC_ab0bb
/usr/bin/cmake -E cmake_link_script CMakeFiles/cmTC_ab0bb.dir/link.txt --verbose=1
/usr/bin/cc   -DCHECK_FUNCTION_EXISTS=pthread_create    CMakeFiles/cmTC_ab0bb.dir/CheckFunctionExists.c.o  -o cmTC_ab0bb -rdynamic -lpthreads 
/usr/bin/ld: cannot find -lpthreads
collect2: error: ld returned 1 exit status
CMakeFiles/cmTC_ab0bb.dir/build.make:97: recipe for target 'cmTC_ab0bb' failed
make[1]: *** [cmTC_ab0bb] Error 1
make[1]: Leaving directory '/home/aurotb/Desktop/EAIBotSmartFactory/dashgo_ws/build/CMakeFiles/CMakeTmp'
Makefile:126: recipe for target 'cmTC_ab0bb/fast' failed
make: *** [cmTC_ab0bb/fast] Error 2


